
"Sun 2019-05-26 14:45:56","phong","Look list students"
"Sun 2019-05-26 14:49:32","Creat 1 new accounts"
"Sun 2019-05-26 17:20:45","phong","Borrow book"
"Sun 2019-05-26 17:20:45","phong","Borrow book"
"Sun 2019-05-26 17:30:32","phong","Borrow book"
"Sun 2019-05-26 17:34:11","phong","Borrow book"
"Sun 2019-05-26 17:34:11","phong","Borrow book"
"Sun 2019-05-26 17:38:41","phong","Borrow book"
"Sun 2019-05-26 18:06:10","phong","Borrow book"
"Sun 2019-05-26 18:13:36","phong","Borrow book"
"Sun 2019-05-26 18:19:28","phong","Borrow book"
"Sun 2019-05-26 19:22:16","phong","Borrow book"
"Sun 2019-05-26 19:22:16","phong","Return book"
"Sun 2019-05-26 19:25:49","phong","Borrow book"
"Sun 2019-05-26 19:25:49","phong","Borrow book"
"Sun 2019-05-26 19:25:49","phong","Borrow book"
"Sun 2019-05-26 19:25:49","phong","Borrow book"
"Sun 2019-05-26 19:25:49","phong","Borrow book"
"Sun 2019-05-26 19:33:22","Creat 3 new accounts"
"Sun 2019-05-26 19:34:11","phong","Add new book"
"Sun 2019-05-26 19:34:11","phong","Delete book"
"Sun 2019-05-26 19:37:47","phong","Add new students"
"Sun 2019-05-26 19:37:47","phong","Look list students"
"Sun 2019-05-26 19:37:47","phong","Add new students"
"Sun 2019-05-26 19:37:47","phong","Look list students"
"Sun 2019-05-26 19:37:47","phong","Delete studens"
"Sun 2019-05-26 19:37:47","phong","Delete studens"
"Sun 2019-05-26 19:37:47","phong","Add new students"
"Sun 2019-05-26 19:37:47","phong","Edit studens"
"Sun 2019-05-26 19:51:28","login unsuccessful"
"Sun 2019-05-26 19:51:48","phong","Add new students"
"Sun 2019-05-26 19:51:48","phong","Edit studens"
"Sun 2019-05-26 19:51:48","phong","Add new students"
"Sun 2019-05-26 19:51:48","phong","Edit studens"
"Sun 2019-05-26 19:51:48","phong","Delete studens"
"Sun 2019-05-26 19:56:19","phong","Borrow book"
"Sun 2019-05-26 19:56:19","phong","Return book"
"Sun 2019-05-26 19:56:19","phong","Borrow book"
"Sun 2019-05-26 20:01:47","phong","Borrow book"
"Sun 2019-05-26 20:04:34","phong","Return book"
"Sun 2019-05-26 20:05:50","phong","Return book"
"Sun 2019-05-26 20:05:50","phong","Return book"
"Sun 2019-05-26 20:29:22","phong","Delete book"
"Sun 2019-05-26 20:29:22","phong","Add new book"
"Sun 2019-05-26 20:31:08","phong","Delete book"
"Sun 2019-05-26 20:31:08","phong","Add new book"
"Sun 2019-05-26 20:34:32","phong","Add new book"
"Sun 2019-05-26 20:34:32","phong","Borrow book"
"Sun 2019-05-26 20:34:32","phong","Delete book"
"Sun 2019-05-26 20:34:32","phong","Delete book"
"Sun 2019-05-26 20:34:32","phong","Return book"
"Sun 2019-05-26 20:34:32","phong","Return book"
"Sun 2019-05-26 20:34:32","phong","Delete book"
"Sun 2019-05-26 20:50:12","phong","Delete studens"
"Sun 2019-05-26 20:50:12","phong","Delete studens"
"Sun 2019-05-26 21:04:14","phong","Return book"
"Sun 2019-05-26 21:04:14","phong","Borrow book"
"Sun 2019-05-26 21:04:14","phong","Return book"
"Sun 2019-05-26 21:04:14","phong","Borrow book"
"Sun 2019-05-26 21:04:14","phong","Delete book"
"Sun 2019-05-26 21:04:14","phong","Delete book"
"Sun 2019-05-26 21:04:14","phong","Delete book"
"Sun 2019-05-26 21:04:14","phong","Return book"
"Sun 2019-05-26 22:48:06","phong","Search student-book borrow"
"Sun 2019-05-26 22:48:06","phong","Search student-book borrow"
"Sun 2019-05-26 22:48:06","phong","Search student-book borrow"
"Sun 2019-05-26 22:48:06","phong","Search student-book borrow"
"Sun 2019-05-26 22:54:21","phong","Search student-book borrow"
"Sun 2019-05-26 22:56:04","phong","Search student-book borrow"
"Sun 2019-05-26 22:57:27","phong","Search student-book borrow"
"Sun 2019-05-26 22:59:26","phong","Search student-book borrow"
"Sun 2019-05-26 23:00:43","phong","Search student-book borrow"
"Sun 2019-05-26 23:03:08","phong","Search student-book borrow"
"Sun 2019-05-26 23:04:09","phong","Search student-book borrow"
"Sun 2019-05-26 23:05:11","phong","Search student-book borrow"
"Sun 2019-05-26 23:23:23","phong"
"Sun 2019-05-26 23:23:40","phong"
"Sun 2019-05-26 23:36:05","phong"
"Sun 2019-05-26 23:36:51","phong"
"Sun 2019-05-26 23:39:07","phong","Add new students"
"Sun 2019-05-26 23:39:41","phong","Borrow book"
"Sun 2019-05-26 23:47:13","phong","Add new students"
"Sun 2019-05-26 23:47:13","phong","Delete studens"
"Sun 2019-05-26 23:47:13","phong","Delete studens"
"Sun 2019-05-26 23:47:13","phong","Delete studens"
"Sun 2019-05-26 23:47:13","phong","Add new students"
"Sun 2019-05-26 23:47:13","phong","Delete studens"
"Sun 2019-05-26 23:47:13","phong","Delete studens"
"Sun 2019-05-26 23:47:13","phong","Add new students"
"Sun 2019-05-26 23:47:13","phong","Delete studens"
"Sun 2019-05-26 23:47:13","phong","Delete studens"
"Sun 2019-05-26 23:47:13","phong","Delete studens"
"Sun 2019-05-26 23:47:13","phong","Delete studens"
"Sun 2019-05-26 23:47:13","phong","Add new students"
"Sun 2019-05-26 23:47:13","phong","Delete studens"
"Sun 2019-05-26 23:47:13","phong","Delete studens"
"Sun 2019-05-26 23:47:13","phong","Delete studens"
"Sun 2019-05-26 23:47:13","phong","Add new students"
"Sun 2019-05-26 23:47:13","phong","Delete studens"
"Sun 2019-05-26 23:47:13","phong","Edit studens"
"Sun 2019-05-26 23:47:13","phong","Look list students"
"Mon 2019-05-27 00:00:27","phong","Add new book"
"Mon 2019-05-27 00:00:27","phong","Delete book"
"Mon 2019-05-27 00:00:27","phong","Delete book"
"Mon 2019-05-27 00:00:27","phong","Delete book"
"Mon 2019-05-27 00:00:27","phong","Delete book"
"Mon 2019-05-27 00:00:27","phong","Add new book"
"Mon 2019-05-27 00:08:41","phong","Add new students"
"Mon 2019-05-27 00:08:41","phong","Delete studens"
"Mon 2019-05-27 00:10:21","phong","Delete book"
"Mon 2019-05-27 00:10:21","phong","Delete book"
"Mon 2019-05-27 00:10:21","phong","Borrow book"
"Mon 2019-05-27 00:10:21","phong","Borrow book"
"Mon 2019-05-27 00:10:21","phong","Borrow book"
"Mon 2019-05-27 00:10:21","phong","Return book"
"Mon 2019-05-27 00:10:21","phong","Delete book"
"Mon 2019-05-27 00:16:24","phong","Delete studens"
"Mon 2019-05-27 00:16:24","phong","Search student-book borrow"
"Mon 2019-05-27 00:16:24","phong","Search student-book borrow"
"Mon 2019-05-27 00:10:21","phong"
"Mon 2019-05-27 01:25:51","phong","Add new book"
"Mon 2019-05-27 01:25:51","phong","Delete book"
"Mon 2019-05-27 01:25:51","phong","Borrow book"
"Mon 2019-05-27 01:25:51","phong","Borrow book"
"Mon 2019-05-27 01:25:51","phong","Return book"
"Mon 2019-05-27 01:25:51","phong","Return book"
"Mon 2019-05-27 01:25:51","phong","Return book"
"Mon 2019-05-27 01:25:51","phong","Borrow book"
"Mon 2019-05-27 01:25:51","phong","Return book"
"Mon 2019-05-27 01:25:51","phong","Return book"
"Mon 2019-05-27 01:25:51","phong","Borrow book"
"Mon 2019-05-27 01:25:51","phong","Return book"
"Mon 2019-05-27 01:35:02","phong","Add new book"
"Mon 2019-05-27 01:35:02","phong","Delete book"
"Mon 2019-05-27 01:35:02","phong","Borrow book"
"Mon 2019-05-27 01:38:35","phong","Add new students"
"Mon 2019-05-27 01:38:35","phong","Delete studens"
"Mon 2019-05-27 01:38:35","phong","Edit studens"
"Mon 2019-05-27 01:38:35","phong","Look list students"
"Mon 2019-05-27 01:41:52","phong","Borrow book"
"Mon 2019-05-27 01:41:52","phong","Return book"
"Mon 2019-05-27 01:41:52","phong","Borrow book"
"Mon 2019-05-27 01:41:52","phong","Borrow book"
"Mon 2019-05-27 01:41:52","phong","Borrow book"
"Mon 2019-05-27 01:41:52","phong","Return book"
"Mon 2019-05-27 01:41:52","phong","Return book"
"Mon 2019-05-27 01:41:52","phong","Borrow book"
"Mon 2019-05-27 01:41:52","phong","Borrow book"
"Mon 2019-05-27 01:41:52","phong","Return book"
"Mon 2019-05-27 01:41:52","phong","Return book"
"Mon 2019-05-27 01:41:52","phong","Return book"
"Mon 2019-05-27 01:41:52","phong","Return book"
"Mon 2019-05-27 01:41:52","phong","Borrow book"
"Mon 2019-05-27 01:41:52","phong","Return book"
"Mon 2019-05-27 01:41:52","phong","Return book"
"Mon 2019-05-27 01:41:52","phong","Return book"
"Mon 2019-05-27 01:55:12","phong","Borrow book"
"Mon 2019-05-27 01:55:12","phong","Return book"
"Mon 2019-05-27 11:45:36","phong","Add new book"
"Mon 2019-05-27 11:45:36","phong","Add new book"
"Mon 2019-05-27 11:45:36","phong","Delete book"
"Mon 2019-05-27 11:45:36","phong","Add new book"
"Mon 2019-05-27 11:45:36","phong","Borrow book"
"Mon 2019-05-27 11:45:36","phong","Borrow book"
"Mon 2019-05-27 12:05:17","phong","Return book"
"Mon 2019-05-27 12:05:17","phong","Borrow book"
"Mon 2019-05-27 12:05:17","phong","Return book"
"Mon 2019-05-27 12:05:17","phong","Return book"
"Mon 2019-05-27 12:16:51","phong","Return book"
"Mon 2019-05-27 12:16:51","phong","Return book"
"Mon 2019-05-27 12:16:51","phong","Return book"
"Mon 2019-05-27 12:16:51","phong","Return book"
"Mon 2019-05-27 12:16:51","phong","Return book"
"Mon 2019-05-27 12:16:51","phong","Return book"
"Mon 2019-05-27 12:16:51","phong","Return book"
"Mon 2019-05-27 12:16:51","phong","Return book"
"Mon 2019-05-27 12:23:03","phong","Return book"
"Mon 2019-05-27 12:23:03","phong","Return book"
"Mon 2019-05-27 12:23:03","phong","Return book"
"Mon 2019-05-27 12:23:03","phong","Return book"
"Mon 2019-05-27 12:23:03","phong","Return book"
"Mon 2019-05-27 12:23:03","phong","Return book"
"Mon 2019-05-27 12:23:03","phong","Return book"
"Mon 2019-05-27 12:23:03","phong","Return book"
"Mon 2019-05-27 12:39:26","phong","Borrow book"
"Mon 2019-05-27 12:39:26","phong","Borrow book"
"Mon 2019-05-27 12:39:26","phong","Borrow book"
"Mon 2019-05-27 12:39:26","phong","Return book"
"Mon 2019-05-27 12:39:26","phong","Borrow book"
"Mon 2019-05-27 12:39:26","phong","Search book"
"Mon 2019-05-27 12:39:26","phong","Return book"
"Mon 2019-05-27 12:39:26","phong","Return book"
"Mon 2019-05-27 12:39:26","phong","Return book"
"Mon 2019-05-27 12:39:26","phong","Return book"
"Mon 2019-05-27 12:39:26","phong","Return book"
"Mon 2019-05-27 12:39:26","phong","Return book"
"Mon 2019-05-27 12:39:26","phong","Return book"
"Mon 2019-05-27 12:50:28","phong","Add new book"
"Mon 2019-05-27 12:50:28","phong","Delete book"
"Mon 2019-05-27 12:50:28","phong","Add new book"
"Mon 2019-05-27 12:50:28","phong","Add new book"
"Mon 2019-05-27 12:50:28","phong","Borrow book"
"Mon 2019-05-27 12:50:28","phong","Borrow book"
"Mon 2019-05-27 12:50:28","phong","Return book"
"Mon 2019-05-27 12:50:28","phong","Borrow book"
"Mon 2019-05-27 12:50:28","phong","Return book"
"Mon 2019-05-27 12:50:28","phong","Return book"
"Mon 2019-05-27 13:03:30","phong","Borrow book"
"Mon 2019-05-27 13:03:30","phong","Borrow book"
"Mon 2019-05-27 13:03:30","phong","Borrow book"
"Mon 2019-05-27 13:03:30","phong","Return book"
"Mon 2019-05-27 13:03:30","phong","Return book"
"Mon 2019-05-27 13:03:30","phong","Return book"
"Mon 2019-05-27 13:07:07","phong","Return book"
"Mon 2019-05-27 13:07:07","phong","Return book"
"Mon 2019-05-27 13:07:07","phong","Return book"
"Mon 2019-05-27 13:07:07","phong","Return book"
"Mon 2019-05-27 13:07:07","phong","Return book"
"Mon 2019-05-27 13:07:07","phong","Return book"
"Mon 2019-05-27 13:07:07","phong","Return book"
"Mon 2019-05-27 13:07:07","phong","Return book"
"Mon 2019-05-27 13:07:07","phong","Return book"
"Mon 2019-05-27 13:22:03","phong","Borrow book"
"Mon 2019-05-27 13:22:03","phong","Borrow book"
"Mon 2019-05-27 13:22:03","phong","Borrow book"
"Mon 2019-05-27 13:22:03","phong","Return book"
"Mon 2019-05-27 13:22:03","phong","Return book"
"Mon 2019-05-27 13:22:03","phong","Return book"
"Mon 2019-05-27 13:22:03","phong","Return book"
"Mon 2019-05-27 13:22:03","phong","Return book"
"Mon 2019-05-27 13:22:03","phong","Return book"
"Tue 2019-05-28 11:14:34","phong","Borrow book"
"Tue 2019-05-28 11:14:34","phong","Return book"
"Tue 2019-05-28 11:14:34","phong","Search book"
"Tue 2019-05-28 11:23:02","phong","Borrow book"
"Tue 2019-05-28 11:23:02","phong","Delete book"
"Tue 2019-05-28 11:23:02","phong","Delete book"
"Tue 2019-05-28 11:25:03","phong","Delete studens"
"Tue 2019-05-28 11:25:03","phong","Delete studens"
"Tue 2019-05-28 11:25:03","phong","Edit studens"
"Tue 2019-05-28 11:25:03","phong","Look list students"
"Tue 2019-05-28 11:29:12","phong","Look list students"
"Tue 2019-05-28 11:29:12","phong","Search student-book borrow"
"Tue 2019-05-28 11:29:54","phong","Search book"
"Sun 2019-06-02 23:46:53","phong","Find student"
"Sun 2019-06-02 23:46:53","phong","Find student"
"Sun 2019-06-02 23:46:53","phong","Look list students"
"Mon 2019-06-03 00:05:13","phong","Borrow book"
"Mon 2019-06-03 00:05:13","phong","Borrow book"
"Mon 2019-06-03 00:23:11","phong","Return book"
"Mon 2019-06-03 00:23:11","phong","Return book"
"Mon 2019-06-03 00:23:11","phong","Return book"
"Mon 2019-06-03 00:32:13","phong","Borrow book"
"Mon 2019-06-03 00:39:46","phong","Borrow book"
"Mon 2019-06-03 00:46:04","phong","Borrow book"
"Mon 2019-06-03 00:46:04","phong","Borrow book"
"Mon 2019-06-03 00:58:51","phong"
"Mon 2019-06-03 01:02:33","phong"
"Mon 2019-06-03 01:08:00","phong"
"Mon 2019-06-03 01:09:36","phong"
"Mon 2019-06-03 01:11:46","phong"
"Mon 2019-06-03 01:14:19","phong"
"Mon 2019-06-03 01:16:16","phong"
"Mon 2019-06-03 01:16:16","phong","Add new book"
"Mon 2019-06-03 01:16:16","phong","Delete book"
"Mon 2019-06-03 01:16:16","phong","Delete book"
"Mon 2019-06-03 01:16:16","phong","Add new book"
"Mon 2019-06-03 01:16:16","phong","Delete book"
"Mon 2019-06-03 01:22:52","phong"
"Mon 2019-06-03 01:30:48","phong"
"Mon 2019-06-03 01:36:16","phong"
"Mon 2019-06-03 01:36:16","phong","Borrow book"
"Mon 2019-06-03 01:36:16","phong","Borrow book"
"Mon 2019-06-03 01:36:16","phong"
"Mon 2019-06-03 01:36:16","phong","Borrow book"
"Mon 2019-06-03 01:36:16","phong"
"Mon 2019-06-03 01:36:16","phong","Borrow book"
"Mon 2019-06-03 01:36:16","phong"
"Mon 2019-06-03 01:36:16","phong","Borrow book"
"Mon 2019-06-03 01:36:16","phong"
"Mon 2019-06-03 01:43:42","phong"
"Mon 2019-06-03 01:54:03","phong","Borrow book"
"Mon 2019-06-03 01:54:03","phong","Borrow book"
"Mon 2019-06-03 01:54:03","phong","Add new book"
"Mon 2019-06-03 02:06:34","phong"
"Mon 2019-06-03 02:09:10","phong"
"Mon 2019-06-03 02:10:23","phong"
"Mon 2019-06-03 02:20:23","phong"
"Mon 2019-06-03 02:21:35","phong"
"Mon 2019-06-03 02:23:07","phong"
"Mon 2019-06-03 02:25:46","phong"
"Mon 2019-06-03 02:53:11","phong"
"Mon 2019-06-03 02:55:23","phong"
"Mon 2019-06-03 02:55:23","phong","Borrow book"
"Mon 2019-06-03 02:55:23","phong"
"Mon 2019-06-03 02:59:40","phong"
"Mon 2019-06-03 03:04:19","phong"
"Mon 2019-06-03 03:09:14","phong"
"Mon 2019-06-03 03:09:14","phong","Add new book"
"Mon 2019-06-03 03:09:14","phong","Borrow book"
"Mon 2019-06-03 03:09:14","phong","Borrow book"
"Mon 2019-06-03 03:09:14","phong","Borrow book"
"Mon 2019-06-03 03:09:14","phong","Borrow book"
"Mon 2019-06-03 03:21:23","phong","Borrow book"
"Mon 2019-06-03 22:33:14","Creat 3 new accounts"
"Mon 2019-06-03 23:10:47","phong3"
"Mon 2019-06-03 23:34:18","phong1","Add new book"
"Mon 2019-06-03 23:52:13","phong1","Delete book"
"Tue 2019-06-04 00:20:47","phong1","Add new students"
"Tue 2019-06-04 00:28:20","phong1","Borrow book"
"Tue 2019-06-04 00:36:02","phong1","Delete book"
"Tue 2019-06-04 00:36:02","phong1","Borrow book"
"Tue 2019-06-04 00:36:02","phong1","Borrow book"
"Tue 2019-06-04 00:42:04","phong1","Add new students"
"Tue 2019-06-04 00:42:04","phong1","Add new students"
"Tue 2019-06-04 00:43:08","phong1","Borrow book"
"Tue 2019-06-04 00:44:19","phong1","Borrow book"
"Tue 2019-06-04 00:44:19","phong1","Return book"
"Tue 2019-06-04 00:44:19","phong1","Search book"
"Tue 2019-06-04 01:16:54","phong1","Add new students"
"Tue 2019-06-04 01:16:54","phong1","Delete studens"
"Tue 2019-06-04 01:16:54","phong1","Delete studens"
"Tue 2019-06-04 01:16:54","phong1","Edit studens"
"Tue 2019-06-04 01:34:22","phong1","Look list students"
"Tue 2019-06-04 01:35:40","phong1","Find student"
"Tue 2019-06-04 01:37:30","phong1","Find student"
"Tue 2019-06-04 10:31:52","phong1","Add new students"
"Tue 2019-06-04 10:31:52","phong1","Delete studens"
"Tue 2019-06-04 10:31:52","phong1","Search student-book borrow"
"Tue 2019-06-04 10:31:52","phong1","Search student-book borrow"
"Tue 2019-06-04 10:31:52","phong1","Search student-book borrow"
"Tue 2019-06-04 10:31:52","phong1","Find student"
"Tue 2019-06-04 10:33:59","phong1","Add new book"
"Tue 2019-06-04 10:33:59","phong1","Delete book"
"Tue 2019-06-04 10:33:59","phong1","Borrow book"
"Tue 2019-06-04 10:33:59","phong1","Borrow book"
"Tue 2019-06-04 10:33:59","phong1","Search book"
"Tue 2019-06-04 10:33:59","phong1","Borrow book"
"Tue 2019-06-04 10:33:59","phong1","Return book"
"Tue 2019-06-04 10:33:59","phong1","Search book"
"Tue 2019-06-04 10:33:59","phong1","Borrow book"
"Tue 2019-06-04 10:33:59","phong1","Search book"
"Tue 2019-06-04 10:33:59","phong1","Search book"
"Tue 2019-06-04 10:33:59","phong1","Borrow book"
"Tue 2019-06-04 10:40:54","phong1","Return book"
"Tue 2019-06-04 10:40:54","phong1","Add new book"
"Tue 2019-06-04 10:43:11","phong1","Borrow book"
"Tue 2019-06-04 10:44:00","phong1","Search student-book borrow"
"Tue 2019-06-04 10:44:28","phong1","Search book"