
"Sun 2019-05-26 01:46:27","Creat 4 new accounts"
"Sun 2019-05-26 01:48:25","Creat 4 new accounts"
"Sun 2019-05-26 01:48:47","login unsuccessful"
"Sun 2019-05-26 01:50:14","Creat 4 new accounts"
"Sun 2019-05-26 01:51:11","login unsuccessful"
"Sun 2019-05-26 01:52:11","Creat 4 new accounts"
"Sun 2019-05-26 01:54:08","Creat 1 new accounts"
"Sun 2019-05-26 01:55:38","Creat 1 new accounts"
"Sun 2019-05-26 01:57:07","Creat 1 new accounts"
"Sun 2019-05-26 01:57:39","Creat 1 new accounts"
"Sun 2019-05-26 01:58:47","login unsuccessful"
"Sun 2019-05-26 01:59:18","Creat 1 new accounts"
"Sun 2019-05-26 01:59:54","login unsuccessful"
"Sun 2019-05-26 02:00:23","Creat 1 new accounts"
"Sun 2019-05-26 02:01:10","login unsuccessful"
"Sun 2019-05-26 02:01:31","Creat 1 new accounts"
"Sun 2019-05-26 02:03:55","login unsuccessful"
"Sun 2019-05-26 02:04:43","Creat 4 new accounts"
"Sun 2019-05-26 02:06:15","login unsuccessful"
"Sun 2019-05-26 02:12:19","Creat 3 new accounts"
"Sun 2019-05-26 02:14:07","login unsuccessful"
"Sun 2019-05-26 02:23:38","Creat 3 new accounts"
"Sun 2019-05-26 02:27:37","Creat 3 new accounts"
"Sun 2019-05-26 02:36:16","Creat 3 new accounts"
"Sun 2019-05-26 02:37:36","Creat 1 new accounts"
"Sun 2019-05-26 02:38:54","Creat 1 new accounts"
"Sun 2019-05-26 02:39:03","login unsuccessful"
"Sun 2019-05-26 02:39:41","login unsuccessful"
"Sun 2019-05-26 02:40:03","Creat 1 new accounts"
"Sun 2019-05-26 02:41:42","Creat 1 new accounts"
"Sun 2019-05-26 02:41:53","Creat 1 new accounts"
"Sun 2019-05-26 02:42:07","Creat 1 new accounts"
"Sun 2019-05-26 02:48:55","login unsuccessful"
"Sun 2019-05-26 02:49:15","Creat 2 new accounts"
"Sun 2019-05-26 02:53:11","Creat 3 new accounts"
"Sun 2019-05-26 02:54:13","Creat 1 new accounts"
"Sun 2019-05-26 02:54:37","login unsuccessful"
"Sun 2019-05-26 02:57:38","Creat 2 new accounts"
"Sun 2019-05-26 03:04:42","login unsuccessful"
"Sun 2019-05-26 03:05:11","Creat 3 new accounts"
"Sun 2019-05-26 03:13:07","Creat 1 new accounts"
"Sun 2019-05-26 03:13:19","login unsuccessful"
"Sun 2019-05-26 03:14:13","Creat 1 new accounts"
"Sun 2019-05-26 03:41:54","Creat 3 new accounts"
"Sun 2019-05-26 03:53:31","Creat 3 new accounts"
"Sun 2019-05-26 03:57:01","Creat 1 new accounts"
"Sun 2019-05-26 03:57:53","Creat 1 new accounts"
"Sun 2019-05-26 03:59:06","Creat 2 new accounts"
"Sun 2019-05-26 13:18:57","phong","Delete book"
"Sun 2019-05-26 13:18:57","phong","Add new book"
"Sun 2019-05-26 13:18:57","phong","Borrow book"
"Sun 2019-05-26 13:18:57","phong","Borrow book"
"Sun 2019-05-26 13:18:57","phong","Return book"
"Sun 2019-05-26 13:18:57","phong","Delete book"
"Sun 2019-05-26 13:26:11","phong","Add new students"
"Sun 2019-05-26 13:26:11","phong","Look list students"
"Sun 2019-05-26 13:26:11","phong","Delete studens"
"Sun 2019-05-26 13:26:11","phong","Look list students"
"Sun 2019-05-26 13:26:11","phong","Delete studens"
"Sun 2019-05-26 13:26:11","phong","Look list students"
"Sun 2019-05-26 13:26:11","phong","Edit studens"
"Sun 2019-05-26 13:26:11","phong","Look list students"
"Sun 2019-05-26 13:35:56","Creat 1 new accounts"
"Sun 2019-05-26 13:52:37","Creat 0 new accounts"
"Sun 2019-05-26 13:56:43","Creat 3 new accounts"
"Sun 2019-05-26 13:58:53","Creat 2 new accounts"
"Sun 2019-05-26 14:02:25","Creat 2 new accounts"
"Sun 2019-05-26 14:03:31","login unsuccessful"
"Sun 2019-05-26 14:03:52","Creat 2 new accounts"