
"Sun 2019-05-26 14:45:56","phong","Look list students"
"Sun 2019-05-26 14:49:32","Creat 1 new accounts"
"Sun 2019-05-26 17:20:45","phong","Borrow book"
"Sun 2019-05-26 17:20:45","phong","Borrow book"
"Sun 2019-05-26 17:30:32","phong","Borrow book"
"Sun 2019-05-26 17:34:11","phong","Borrow book"
"Sun 2019-05-26 17:34:11","phong","Borrow book"
"Sun 2019-05-26 17:38:41","phong","Borrow book"
"Sun 2019-05-26 18:06:10","phong","Borrow book"
"Sun 2019-05-26 18:13:36","phong","Borrow book"
"Sun 2019-05-26 18:19:28","phong","Borrow book"
"Sun 2019-05-26 19:22:16","phong","Borrow book"
"Sun 2019-05-26 19:22:16","phong","Return book"
"Sun 2019-05-26 19:25:49","phong","Borrow book"
"Sun 2019-05-26 19:25:49","phong","Borrow book"
"Sun 2019-05-26 19:25:49","phong","Borrow book"
"Sun 2019-05-26 19:25:49","phong","Borrow book"
"Sun 2019-05-26 19:25:49","phong","Borrow book"
"Sun 2019-05-26 19:33:22","Creat 3 new accounts"
"Sun 2019-05-26 19:34:11","phong","Add new book"
"Sun 2019-05-26 19:34:11","phong","Delete book"
"Sun 2019-05-26 19:37:47","phong","Add new students"
"Sun 2019-05-26 19:37:47","phong","Look list students"
"Sun 2019-05-26 19:37:47","phong","Add new students"
"Sun 2019-05-26 19:37:47","phong","Look list students"
"Sun 2019-05-26 19:37:47","phong","Delete studens"
"Sun 2019-05-26 19:37:47","phong","Delete studens"
"Sun 2019-05-26 19:37:47","phong","Add new students"
"Sun 2019-05-26 19:37:47","phong","Edit studens"
"Sun 2019-05-26 19:51:28","login unsuccessful"
"Sun 2019-05-26 19:51:48","phong","Add new students"
"Sun 2019-05-26 19:51:48","phong","Edit studens"
"Sun 2019-05-26 19:51:48","phong","Add new students"
"Sun 2019-05-26 19:51:48","phong","Edit studens"
"Sun 2019-05-26 19:51:48","phong","Delete studens"
"Sun 2019-05-26 19:56:19","phong","Borrow book"
"Sun 2019-05-26 19:56:19","phong","Return book"
"Sun 2019-05-26 19:56:19","phong","Borrow book"
"Sun 2019-05-26 20:01:47","phong","Borrow book"
"Sun 2019-05-26 20:04:34","phong","Return book"
"Sun 2019-05-26 20:05:50","phong","Return book"
"Sun 2019-05-26 20:05:50","phong","Return book"
"Sun 2019-05-26 20:29:22","phong","Delete book"
"Sun 2019-05-26 20:29:22","phong","Add new book"
"Sun 2019-05-26 20:31:08","phong","Delete book"
"Sun 2019-05-26 20:31:08","phong","Add new book"
"Sun 2019-05-26 20:34:32","phong","Add new book"
"Sun 2019-05-26 20:34:32","phong","Borrow book"
"Sun 2019-05-26 20:34:32","phong","Delete book"
"Sun 2019-05-26 20:34:32","phong","Delete book"
"Sun 2019-05-26 20:34:32","phong","Return book"
"Sun 2019-05-26 20:34:32","phong","Return book"
"Sun 2019-05-26 20:34:32","phong","Delete book"
"Sun 2019-05-26 20:50:12","phong","Delete studens"
"Sun 2019-05-26 20:50:12","phong","Delete studens"
"Sun 2019-05-26 21:04:14","phong","Return book"
"Sun 2019-05-26 21:04:14","phong","Borrow book"
"Sun 2019-05-26 21:04:14","phong","Return book"
"Sun 2019-05-26 21:04:14","phong","Borrow book"
"Sun 2019-05-26 21:04:14","phong","Delete book"
"Sun 2019-05-26 21:04:14","phong","Delete book"
"Sun 2019-05-26 21:04:14","phong","Delete book"
"Sun 2019-05-26 21:04:14","phong","Return book"
"Sun 2019-05-26 22:48:06","phong","Search student-book borrow"
"Sun 2019-05-26 22:48:06","phong","Search student-book borrow"
"Sun 2019-05-26 22:48:06","phong","Search student-book borrow"
"Sun 2019-05-26 22:48:06","phong","Search student-book borrow"
"Sun 2019-05-26 22:54:21","phong","Search student-book borrow"
"Sun 2019-05-26 22:56:04","phong","Search student-book borrow"
"Sun 2019-05-26 22:57:27","phong","Search student-book borrow"
"Sun 2019-05-26 22:59:26","phong","Search student-book borrow"
"Sun 2019-05-26 23:00:43","phong","Search student-book borrow"
"Sun 2019-05-26 23:03:08","phong","Search student-book borrow"
"Sun 2019-05-26 23:04:09","phong","Search student-book borrow"
"Sun 2019-05-26 23:05:11","phong","Search student-book borrow"
"Sun 2019-05-26 23:23:23","phong"
"Sun 2019-05-26 23:23:40","phong"
"Sun 2019-05-26 23:36:05","phong"
"Sun 2019-05-26 23:36:51","phong"
"Sun 2019-05-26 23:39:07","phong","Add new students"
"Sun 2019-05-26 23:39:41","phong","Borrow book"
"Sun 2019-05-26 23:47:13","phong","Add new students"
"Sun 2019-05-26 23:47:13","phong","Delete studens"
"Sun 2019-05-26 23:47:13","phong","Delete studens"
"Sun 2019-05-26 23:47:13","phong","Delete studens"
"Sun 2019-05-26 23:47:13","phong","Add new students"
"Sun 2019-05-26 23:47:13","phong","Delete studens"
"Sun 2019-05-26 23:47:13","phong","Delete studens"
"Sun 2019-05-26 23:47:13","phong","Add new students"
"Sun 2019-05-26 23:47:13","phong","Delete studens"
"Sun 2019-05-26 23:47:13","phong","Delete studens"
"Sun 2019-05-26 23:47:13","phong","Delete studens"
"Sun 2019-05-26 23:47:13","phong","Delete studens"
"Sun 2019-05-26 23:47:13","phong","Add new students"
"Sun 2019-05-26 23:47:13","phong","Delete studens"
"Sun 2019-05-26 23:47:13","phong","Delete studens"
"Sun 2019-05-26 23:47:13","phong","Delete studens"
"Sun 2019-05-26 23:47:13","phong","Add new students"
"Sun 2019-05-26 23:47:13","phong","Delete studens"
"Sun 2019-05-26 23:47:13","phong","Edit studens"
"Sun 2019-05-26 23:47:13","phong","Look list students"
"Mon 2019-05-27 00:00:27","phong","Add new book"
"Mon 2019-05-27 00:00:27","phong","Delete book"
"Mon 2019-05-27 00:00:27","phong","Delete book"
"Mon 2019-05-27 00:00:27","phong","Delete book"
"Mon 2019-05-27 00:00:27","phong","Delete book"
"Mon 2019-05-27 00:00:27","phong","Add new book"
"Mon 2019-05-27 00:08:41","phong","Add new students"
"Mon 2019-05-27 00:08:41","phong","Delete studens"
"Mon 2019-05-27 00:10:21","phong","Delete book"
"Mon 2019-05-27 00:10:21","phong","Delete book"
"Mon 2019-05-27 00:10:21","phong","Borrow book"
"Mon 2019-05-27 00:10:21","phong","Borrow book"
"Mon 2019-05-27 00:10:21","phong","Borrow book"
"Mon 2019-05-27 00:10:21","phong","Return book"
"Mon 2019-05-27 00:10:21","phong","Delete book"
"Mon 2019-05-27 00:16:24","phong","Delete studens"
"Mon 2019-05-27 00:16:24","phong","Search student-book borrow"
"Mon 2019-05-27 00:16:24","phong","Search student-book borrow"
"Mon 2019-05-27 01:59:22","phong","Borrow book"
"Mon 2019-05-27 02:04:38","phong","Borrow book"
"Mon 2019-05-27 02:04:38","phong","Return book"
"Mon 2019-05-27 02:04:38","phong","Return book"
"Mon 2019-05-27 02:17:28","phong","Borrow book"
"Mon 2019-05-27 02:17:28","phong","Borrow book"
"Mon 2019-05-27 02:17:28","phong","Borrow book"
"Mon 2019-05-27 02:17:28","phong","Borrow book"
"Mon 2019-05-27 02:17:28","phong","Borrow book"
"Mon 2019-05-27 02:17:28","phong","Borrow book"
"Mon 2019-05-27 02:17:28","phong","Borrow book"
"Mon 2019-05-27 02:17:28","phong","Borrow book"
"Mon 2019-05-27 02:17:28","phong","Borrow book"
"Mon 2019-05-27 02:17:28","phong","Borrow book"
"Mon 2019-05-27 02:17:28","phong","Borrow book"
"Mon 2019-05-27 02:17:28","phong","Borrow book"
"Mon 2019-05-27 02:17:28","phong","Borrow book"
"Mon 2019-05-27 02:17:28","phong","Borrow book"
"Mon 2019-05-27 02:17:28","phong","Borrow book"
"Mon 2019-05-27 02:17:28","phong","Borrow book"
"Mon 2019-05-27 02:17:28","phong","Borrow book"
"Mon 2019-05-27 02:17:28","phong","Borrow book"
"Mon 2019-05-27 02:17:28","phong","Borrow book"
"Mon 2019-05-27 02:17:28","phong","Borrow book"
"Mon 2019-05-27 02:17:28","phong","Borrow book"
"Mon 2019-05-27 02:17:28","phong","Borrow book"
"Mon 2019-05-27 02:17:28","phong","Borrow book"
"Mon 2019-05-27 02:17:28","phong","Borrow book"
"Mon 2019-05-27 02:17:28","phong","Borrow book"
"Mon 2019-05-27 02:17:28","phong","Borrow book"
"Mon 2019-05-27 02:17:28","phong","Borrow book"
"Mon 2019-05-27 02:17:28","phong","Borrow book"
"Mon 2019-05-27 02:17:28","phong","Borrow book"
"Mon 2019-05-27 02:17:28","phong","Borrow book"
"Mon 2019-05-27 02:17:28","phong","Borrow book"
"Mon 2019-05-27 02:17:28","phong","Borrow book"
"Mon 2019-05-27 02:17:28","phong","Borrow book"
"Mon 2019-05-27 02:17:28","phong","Borrow book"
"Mon 2019-05-27 02:17:28","phong","Borrow book"
"Mon 2019-05-27 02:17:28","phong","Borrow book"
"Mon 2019-05-27 02:17:28","phong","Borrow book"
"Mon 2019-05-27 02:17:28","phong","Borrow book"
"Mon 2019-05-27 02:17:28","phong","Borrow book"
"Mon 2019-05-27 02:17:28","phong","Borrow book"
"Mon 2019-05-27 02:17:28","phong","Borrow book"
"Mon 2019-05-27 02:17:28","phong","Borrow book"
"Mon 2019-05-27 02:17:28","phong","Borrow book"
"Mon 2019-05-27 02:17:28","phong","Borrow book"
"Mon 2019-05-27 02:17:28","phong","Borrow book"
"Mon 2019-05-27 02:17:28","phong","Borrow book"
"Mon 2019-05-27 02:17:28","phong","Borrow book"
"Mon 2019-05-27 02:17:28","phong","Borrow book"
"Mon 2019-05-27 02:17:28","phong","Borrow book"
"Mon 2019-05-27 02:17:28","phong","Borrow book"
"Mon 2019-05-27 02:17:28","phong","Borrow book"
"Mon 2019-05-27 02:17:28","phong","Borrow book"
"Mon 2019-05-27 02:17:28","phong","Borrow book"
"Mon 2019-05-27 02:17:28","phong","Borrow book"
"Mon 2019-05-27 02:17:28","phong","Borrow book"
"Mon 2019-05-27 02:17:28","phong","Borrow book"
"Mon 2019-05-27 02:17:28","phong","Borrow book"
"Mon 2019-05-27 02:17:28","phong","Borrow book"
"Mon 2019-05-27 02:17:28","phong","Borrow book"
"Mon 2019-05-27 02:17:28","phong","Borrow book"
"Mon 2019-05-27 02:17:28","phong","Borrow book"
"Mon 2019-05-27 02:19:05","phong","Borrow book"
"Mon 2019-05-27 02:19:05","phong","Borrow book"
"Mon 2019-05-27 02:19:05","phong","Return book"
"Mon 2019-05-27 02:22:55","phong","Add new book"
"Mon 2019-05-27 02:22:55","phong","Delete book"
"Mon 2019-05-27 02:22:55","phong","Delete book"
"Mon 2019-05-27 02:22:55","phong","Delete book"
"Mon 2019-05-27 02:22:55","phong","Delete book"
"Mon 2019-05-27 02:22:55","phong","Delete book"
"Mon 2019-05-27 02:22:55","phong","Add new book"
"Mon 2019-05-27 02:22:55","phong","Borrow book"
"Mon 2019-05-27 02:22:55","phong","Borrow book"
"Mon 2019-05-27 02:22:55","phong","Return book"
"Mon 2019-05-27 02:22:55","phong","Return book"